<?xml version="1.0" encoding="UTF-8"?>
<!-- Generated by org.testng.reporters.JUnitXMLReporter -->
<testsuite ignored="2" hostname="KD" failures="0" tests="4" name="Test" time="24.7" errors="0" timestamp="2025-02-14T19:51:07 IST">
  <testcase classname="assessment.main.Home" name="OpenHomepage" time="2.261"/>
  <testcase classname="assessment.main.Home" name="cookieconsent" time="3.214"/>
  <testcase classname="assessment.main.Home" name="Menuclick" time="5.086"/>
  <testcase classname="assessment.main.Category" name="searchproduct" time="14.074"/>
  <testcase classname="assessment.main.BaseClass" name="@BeforeSuite beforeSuite" time="0.0">
    <ignored/>
  </testcase> <!-- @BeforeSuite beforeSuite -->
  <testcase classname="assessment.main.BaseClass" name="@AfterSuite afterSuite" time="0.0">
    <ignored/>
  </testcase> <!-- @AfterSuite afterSuite -->
</testsuite> <!-- Test -->
