<?xml version="1.0" encoding="UTF-8"?>
<!-- Generated by org.testng.reporters.JUnitXMLReporter -->
<testsuite ignored="2" hostname="KD" failures="0" tests="4" name="Test" time="30.664" errors="0" timestamp="2025-02-14T22:47:46 IST">
  <testcase classname="assessment.main.Home" name="OpenHomepage" time="3.403"/>
  <testcase classname="assessment.main.Home" name="cookieconsent" time="3.085"/>
  <testcase classname="assessment.main.Home" name="Menuclick" time="7.658"/>
  <testcase classname="assessment.main.Category" name="searchproduct" time="16.461"/>
  <testcase classname="assessment.main.BaseClass" name="@BeforeSuite beforeSuite" time="0.0">
    <ignored/>
  </testcase> <!-- @BeforeSuite beforeSuite -->
  <testcase classname="assessment.main.BaseClass" name="@AfterSuite afterSuite" time="0.0">
    <ignored/>
  </testcase> <!-- @AfterSuite afterSuite -->
</testsuite> <!-- Test -->
