<?xml version="1.0" encoding="UTF-8"?>
<testng-results ignored="0" total="4" passed="4" failed="0" skipped="0">
  <reporter-output>
  </reporter-output>
  <suite started-at="2025-02-14T19:50:43 IST" name="Suite" finished-at="2025-02-14T19:51:07 IST" duration-ms="24700">
    <groups>
    </groups>
    <test started-at="2025-02-14T19:50:43 IST" name="Test" finished-at="2025-02-14T19:51:07 IST" duration-ms="24700">
      <class name="assessment.main.Home">
        <test-method is-config="true" signature="beforeSuite()[pri:0, instance:assessment.main.Home@1d296da]" started-at="2025-02-14T19:50:39 IST" name="beforeSuite" finished-at="2025-02-14T19:50:43 IST" duration-ms="3907" status="PASS">
          <reporter-output>
          </reporter-output>
        </test-method> <!-- beforeSuite -->
        <test-method signature="OpenHomepage()[pri:0, instance:assessment.main.Home@1d296da]" started-at="2025-02-14T19:50:43 IST" name="OpenHomepage" finished-at="2025-02-14T19:50:45 IST" duration-ms="2261" status="PASS">
          <reporter-output>
          </reporter-output>
        </test-method> <!-- OpenHomepage -->
        <test-method signature="cookieconsent()[pri:0, instance:assessment.main.Home@1d296da]" started-at="2025-02-14T19:50:45 IST" name="cookieconsent" finished-at="2025-02-14T19:50:48 IST" duration-ms="3214" status="PASS">
          <reporter-output>
          </reporter-output>
        </test-method> <!-- cookieconsent -->
        <test-method signature="Menuclick()[pri:0, instance:assessment.main.Home@1d296da]" started-at="2025-02-14T19:50:48 IST" name="Menuclick" finished-at="2025-02-14T19:50:53 IST" duration-ms="5086" status="PASS">
          <reporter-output>
          </reporter-output>
        </test-method> <!-- Menuclick -->
        <test-method is-config="true" signature="afterSuite()[pri:0, instance:assessment.main.Home@1d296da]" started-at="2025-02-14T19:51:07 IST" name="afterSuite" finished-at="2025-02-14T19:51:09 IST" duration-ms="1201" status="PASS">
          <reporter-output>
          </reporter-output>
        </test-method> <!-- afterSuite -->
      </class> <!-- assessment.main.Home -->
      <class name="assessment.main.Category">
        <test-method signature="searchproduct()[pri:0, instance:assessment.main.Category@3c46e67a]" started-at="2025-02-14T19:50:53 IST" name="searchproduct" finished-at="2025-02-14T19:51:07 IST" duration-ms="14074" status="PASS">
          <reporter-output>
          </reporter-output>
        </test-method> <!-- searchproduct -->
      </class> <!-- assessment.main.Category -->
    </test> <!-- Test -->
  </suite> <!-- Suite -->
</testng-results>
