<?xml version="1.0" encoding="UTF-8"?>
<testng-results ignored="0" total="4" passed="4" failed="0" skipped="0">
  <reporter-output>
  </reporter-output>
  <suite started-at="2025-02-14T22:47:16 IST" name="Suite" finished-at="2025-02-14T22:47:46 IST" duration-ms="30664">
    <groups>
    </groups>
    <test started-at="2025-02-14T22:47:16 IST" name="Test" finished-at="2025-02-14T22:47:46 IST" duration-ms="30664">
      <class name="assessment.main.Home">
        <test-method is-config="true" signature="beforeSuite()[pri:0, instance:assessment.main.Home@1d296da]" started-at="2025-02-14T22:47:13 IST" name="beforeSuite" finished-at="2025-02-14T22:47:16 IST" duration-ms="2370" status="PASS">
          <reporter-output>
          </reporter-output>
        </test-method> <!-- beforeSuite -->
        <test-method signature="OpenHomepage()[pri:0, instance:assessment.main.Home@1d296da]" started-at="2025-02-14T22:47:16 IST" name="OpenHomepage" finished-at="2025-02-14T22:47:19 IST" duration-ms="3403" status="PASS">
          <reporter-output>
          </reporter-output>
        </test-method> <!-- OpenHomepage -->
        <test-method signature="cookieconsent()[pri:0, instance:assessment.main.Home@1d296da]" started-at="2025-02-14T22:47:19 IST" name="cookieconsent" finished-at="2025-02-14T22:47:22 IST" duration-ms="3085" status="PASS">
          <reporter-output>
          </reporter-output>
        </test-method> <!-- cookieconsent -->
        <test-method signature="Menuclick()[pri:0, instance:assessment.main.Home@1d296da]" started-at="2025-02-14T22:47:22 IST" name="Menuclick" finished-at="2025-02-14T22:47:30 IST" duration-ms="7658" status="PASS">
          <reporter-output>
          </reporter-output>
        </test-method> <!-- Menuclick -->
        <test-method is-config="true" signature="afterSuite()[pri:0, instance:assessment.main.Home@1d296da]" started-at="2025-02-14T22:47:46 IST" name="afterSuite" finished-at="2025-02-14T22:47:47 IST" duration-ms="478" status="PASS">
          <reporter-output>
          </reporter-output>
        </test-method> <!-- afterSuite -->
      </class> <!-- assessment.main.Home -->
      <class name="assessment.main.Category">
        <test-method signature="searchproduct()[pri:0, instance:assessment.main.Category@3c46e67a]" started-at="2025-02-14T22:47:30 IST" name="searchproduct" finished-at="2025-02-14T22:47:46 IST" duration-ms="16461" status="PASS">
          <reporter-output>
          </reporter-output>
        </test-method> <!-- searchproduct -->
      </class> <!-- assessment.main.Category -->
    </test> <!-- Test -->
  </suite> <!-- Suite -->
</testng-results>
